<?xml version="1.0" encoding="UTF-8"?>
<testng-results skipped="0" failed="0" ignored="0" total="2" passed="2">
  <reporter-output>
  </reporter-output>
  <suite name="Default suite" duration-ms="58" started-at="2019-09-30T14:08:45 IST" finished-at="2019-09-30T14:08:45 IST">
    <groups>
    </groups>
    <test name="Default test" duration-ms="58" started-at="2019-09-30T14:08:45 IST" finished-at="2019-09-30T14:08:45 IST">
      <class name="Main">
        <test-method status="PASS" signature="add_TwoPlusTwo_ReturnFour()[pri:0, instance:Main@21213b92]" name="add_TwoPlusTwo_ReturnFour" duration-ms="14" started-at="2019-09-30T14:08:45 IST" finished-at="2019-09-30T14:08:45 IST">
          <reporter-output>
          </reporter-output>
        </test-method> <!-- add_TwoPlusTwo_ReturnFour -->
        <test-method status="PASS" signature="multiply_twoNumbers()[pri:0, instance:Main@21213b92]" name="multiply_twoNumbers" duration-ms="1" started-at="2019-09-30T14:08:45 IST" finished-at="2019-09-30T14:08:45 IST">
          <reporter-output>
          </reporter-output>
        </test-method> <!-- multiply_twoNumbers -->
      </class> <!-- Main -->
    </test> <!-- Default test -->
  </suite> <!-- Default suite -->
</testng-results>
